<?xml version="1.0" encoding="UTF-8"?>
<!-- Generated by org.testng.reporters.JUnitXMLReporter -->
<testsuite ignored="1" hostname="trans-MacBook-Pro.local" failures="0" tests="2" name="Group Testing" time="0.063" errors="0" timestamp="05 Aug 2019 07:42:50 GMT">
  <testcase classname="fpt.poly.testing.DemoGroup" name="testMethodOne" time="0.007"/>
  <testcase classname="fpt.poly.testing.DemoGroup" name="testMethodTwo" time="0.005"/>
  <testcase classname="fpt.poly.testing.DemoGroup" name="testMethodSmoke" time="0.0">
    <ignored/>
  </testcase> <!-- testMethodSmoke -->
</testsuite> <!-- Group Testing -->
