<?xml version="1.0" encoding="UTF-8"?>
<!-- Generated by org.testng.reporters.JUnitXMLReporter -->
<testsuite ignored="1" hostname="trans-MacBook-Pro.local" failures="0" tests="1" name="Second Test" time="0.006" errors="0" timestamp="05 Aug 2019 02:40:19 GMT">
  <testcase classname="fpt.poly.testing.StepRunAnnotations" name="testTwoMethod" time="0.002"/>
  <testcase classname="fpt.poly.testing.StepRunAnnotations" name="testOneMethod" time="0.0">
    <ignored/>
  </testcase> <!-- testOneMethod -->
</testsuite> <!-- Second Test -->
