<?xml version="1.0" encoding="UTF-8"?>
<testng-results ignored="0" total="1" passed="1" failed="0" skipped="0">
  <reporter-output>
  </reporter-output>
  <suite started-at="2020-10-09T18:52:25 ICT" name="Suite" finished-at="2020-10-09T18:52:39 ICT" duration-ms="13807">
    <groups>
    </groups>
    <test started-at="2020-10-09T18:52:25 ICT" name="Test" finished-at="2020-10-09T18:52:39 ICT" duration-ms="13807">
      <class name="fpt.poly.testing.DemoDataDrivenFrameworkinSelenium">
        <test-method is-config="true" signature="beforeTest()[pri:0, instance:fpt.poly.testing.DemoDataDrivenFrameworkinSelenium@4b44655e]" started-at="2020-10-09T18:52:25 ICT" name="beforeTest" finished-at="2020-10-09T18:52:29 ICT" duration-ms="3562" status="PASS">
          <reporter-output>
          </reporter-output>
        </test-method> <!-- beforeTest -->
        <test-method signature="testSearch()[pri:0, instance:fpt.poly.testing.DemoDataDrivenFrameworkinSelenium@4b44655e]" started-at="2020-10-09T18:52:29 ICT" name="testSearch" finished-at="2020-10-09T18:52:39 ICT" duration-ms="10002" status="PASS">
          <reporter-output>
          </reporter-output>
        </test-method> <!-- testSearch -->
        <test-method is-config="true" signature="afterTest()[pri:0, instance:fpt.poly.testing.DemoDataDrivenFrameworkinSelenium@4b44655e]" started-at="2020-10-09T18:52:39 ICT" name="afterTest" finished-at="2020-10-09T18:52:39 ICT" duration-ms="201" status="PASS">
          <reporter-output>
          </reporter-output>
        </test-method> <!-- afterTest -->
      </class> <!-- fpt.poly.testing.DemoDataDrivenFrameworkinSelenium -->
    </test> <!-- Test -->
  </suite> <!-- Suite -->
</testng-results>
